
  .   ____          _            __ _ _
 /\\ / ___'_ __ _ _(_)_ __  __ _ \ \ \ \
( ( )\___ | '_ | '_| | '_ \/ _` | \ \ \ \
 \\/  ___)| |_)| | | | | || (_| |  ) ) ) )
  '  |____| .__|_| |_|_| |_\__, | / / / /
 =========|_|==============|___/=/_/_/_/
 :: Spring Boot ::               (v3.2.12)

2025-10-07T16:38:47.981+05:30  INFO 11240 --- [           main] c.e.i.InvoicingRoiSimulatorApplication   : Starting InvoicingRoiSimulatorApplication v0.0.1-SNAPSHOT using Java 24.0.1 with PID 11240 (C:\Users\nandha\OneDrive\Desktop\simple-ROI-calculator\target\invoicing-roi-simulator-0.0.1-SNAPSHOT.jar started by nandha in C:\Users\nandha\OneDrive\Desktop\simple-ROI-calculator)
2025-10-07T16:38:47.984+05:30 DEBUG 11240 --- [           main] c.e.i.InvoicingRoiSimulatorApplication   : Running with Spring Boot v3.2.12, Spring v6.1.15
2025-10-07T16:38:47.985+05:30  INFO 11240 --- [           main] c.e.i.InvoicingRoiSimulatorApplication   : No active profile set, falling back to 1 default profile: "default"
2025-10-07T16:38:48.915+05:30  INFO 11240 --- [           main] .s.d.r.c.RepositoryConfigurationDelegate : Bootstrapping Spring Data JPA repositories in DEFAULT mode.
2025-10-07T16:38:49.000+05:30  INFO 11240 --- [           main] .s.d.r.c.RepositoryConfigurationDelegate : Finished Spring Data repository scanning in 70 ms. Found 1 JPA repository interface.
WARNING: A restricted method in java.lang.System has been called
WARNING: java.lang.System::load has been called by org.apache.tomcat.jni.Library in an unnamed module (jar:nested:/C:/Users/nandha/OneDrive/Desktop/simple-ROI-calculator/target/invoicing-roi-simulator-0.0.1-SNAPSHOT.jar/!BOOT-INF/lib/tomcat-embed-core-10.1.33.jar!/)
WARNING: Use --enable-native-access=ALL-UNNAMED to avoid a warning for callers in this module
WARNING: Restricted methods will be blocked in a future release unless native access is enabled

2025-10-07T16:38:49.877+05:30  INFO 11240 --- [           main] o.s.b.w.embedded.tomcat.TomcatWebServer  : Tomcat initialized with port 8080 (http)
2025-10-07T16:38:49.903+05:30  INFO 11240 --- [           main] o.apache.catalina.core.StandardService   : Starting service [Tomcat]
2025-10-07T16:38:49.904+05:30  INFO 11240 --- [           main] o.apache.catalina.core.StandardEngine    : Starting Servlet engine: [Apache Tomcat/10.1.33]
2025-10-07T16:38:49.969+05:30  INFO 11240 --- [           main] o.a.c.c.C.[Tomcat].[localhost].[/]       : Initializing Spring embedded WebApplicationContext
2025-10-07T16:38:49.971+05:30  INFO 11240 --- [           main] w.s.c.ServletWebServerApplicationContext : Root WebApplicationContext: initialization completed in 1907 ms
2025-10-07T16:38:50.038+05:30  INFO 11240 --- [           main] com.zaxxer.hikari.HikariDataSource       : HikariPool-1 - Starting...
2025-10-07T16:38:50.368+05:30  INFO 11240 --- [           main] com.zaxxer.hikari.pool.HikariPool        : HikariPool-1 - Added connection conn0: url=jdbc:h2:mem:roi user=SA
2025-10-07T16:38:50.370+05:30  INFO 11240 --- [           main] com.zaxxer.hikari.HikariDataSource       : HikariPool-1 - Start completed.
2025-10-07T16:38:50.386+05:30  INFO 11240 --- [           main] o.s.b.a.h2.H2ConsoleAutoConfiguration    : H2 console available at '/h2-console'. Database available at 'jdbc:h2:mem:roi'
2025-10-07T16:38:50.614+05:30  INFO 11240 --- [           main] o.hibernate.jpa.internal.util.LogHelper  : HHH000204: Processing PersistenceUnitInfo [name: default]
2025-10-07T16:38:50.687+05:30  INFO 11240 --- [           main] org.hibernate.Version                    : HHH000412: Hibernate ORM core version 6.4.10.Final
2025-10-07T16:38:50.752+05:30  INFO 11240 --- [           main] o.h.c.internal.RegionFactoryInitiator    : HHH000026: Second-level cache disabled
2025-10-07T16:38:51.294+05:30  INFO 11240 --- [           main] o.s.o.j.p.SpringPersistenceUnitInfo      : No LoadTimeWeaver setup: ignoring JPA class transformer
2025-10-07T16:38:51.383+05:30  WARN 11240 --- [           main] org.hibernate.orm.deprecation            : HHH90000025: H2Dialect does not need to be specified explicitly using 'hibernate.dialect' (remove the property setting and it will be selected by default)
2025-10-07T16:38:52.502+05:30  INFO 11240 --- [           main] o.h.e.t.j.p.i.JtaPlatformInitiator       : HHH000489: No JTA platform available (set 'hibernate.transaction.jta.platform' to enable JTA platform integration)
2025-10-07T16:38:52.539+05:30  INFO 11240 --- [           main] j.LocalContainerEntityManagerFactoryBean : Initialized JPA EntityManagerFactory for persistence unit 'default'
2025-10-07T16:38:52.881+05:30  WARN 11240 --- [           main] JpaBaseConfiguration$JpaWebConfiguration : spring.jpa.open-in-view is enabled by default. Therefore, database queries may be performed during view rendering. Explicitly configure spring.jpa.open-in-view to disable this warning
2025-10-07T16:38:52.914+05:30  INFO 11240 --- [           main] o.s.b.a.w.s.WelcomePageHandlerMapping    : Adding welcome page: class path resource [static/index.html]
2025-10-07T16:38:53.334+05:30  INFO 11240 --- [           main] o.s.b.w.embedded.tomcat.TomcatWebServer  : Tomcat started on port 8080 (http) with context path ''
2025-10-07T16:38:53.367+05:30  INFO 11240 --- [           main] c.e.i.InvoicingRoiSimulatorApplication   : Started InvoicingRoiSimulatorApplication in 6.004 seconds (process running for 6.772)
2025-10-07T16:38:53.577+05:30  INFO 11240 --- [nio-8080-exec-1] o.a.c.c.C.[Tomcat].[localhost].[/]       : Initializing Spring DispatcherServlet 'dispatcherServlet'
2025-10-07T16:38:53.578+05:30  INFO 11240 --- [nio-8080-exec-1] o.s.web.servlet.DispatcherServlet        : Initializing Servlet 'dispatcherServlet'
2025-10-07T16:38:53.579+05:30  INFO 11240 --- [nio-8080-exec-1] o.s.web.servlet.DispatcherServlet        : Completed initialization in 1 ms
